{"D:\\Github repos\\captus-web\\src\\features\\auth\\components\\LoginForm.jsx": {"path":"D:\\Github repos\\captus-web\\src\\features\\auth\\components\\LoginForm.jsx","statementMap":{"0":{"start":{"line":10,"column":18},"end":{"line":224,"column":null}},"1":{"start":{"line":11,"column":25},"end":{"line":11,"column":null}},"2":{"start":{"line":12,"column":31},"end":{"line":12,"column":null}},"3":{"start":{"line":13,"column":41},"end":{"line":13,"column":null}},"4":{"start":{"line":14,"column":23},"end":{"line":14,"column":null}},"5":{"start":{"line":15,"column":31},"end":{"line":15,"column":null}},"6":{"start":{"line":16,"column":25},"end":{"line":16,"column":null}},"7":{"start":{"line":17,"column":29},"end":{"line":17,"column":null}},"8":{"start":{"line":18,"column":43},"end":{"line":18,"column":null}},"9":{"start":{"line":19,"column":39},"end":{"line":19,"column":null}},"10":{"start":{"line":21,"column":27},"end":{"line":21,"column":null}},"11":{"start":{"line":22,"column":8},"end":{"line":22,"column":null}},"12":{"start":{"line":24,"column":23},"end":{"line":65,"column":null}},"13":{"start":{"line":25,"column":4},"end":{"line":25,"column":null}},"14":{"start":{"line":26,"column":4},"end":{"line":26,"column":null}},"15":{"start":{"line":27,"column":4},"end":{"line":27,"column":null}},"16":{"start":{"line":28,"column":4},"end":{"line":28,"column":null}},"17":{"start":{"line":30,"column":4},"end":{"line":64,"column":null}},"18":{"start":{"line":32,"column":6},"end":{"line":58,"column":null}},"19":{"start":{"line":33,"column":8},"end":{"line":33,"column":null}},"20":{"start":{"line":34,"column":8},"end":{"line":42,"column":null}},"21":{"start":{"line":35,"column":10},"end":{"line":39,"column":null}},"22":{"start":{"line":36,"column":12},"end":{"line":36,"column":null}},"23":{"start":{"line":38,"column":12},"end":{"line":38,"column":null}},"24":{"start":{"line":41,"column":10},"end":{"line":41,"column":null}},"25":{"start":{"line":44,"column":8},"end":{"line":44,"column":null}},"26":{"start":{"line":45,"column":8},"end":{"line":57,"column":null}},"27":{"start":{"line":47,"column":37},"end":{"line":47,"column":null}},"28":{"start":{"line":48,"column":28},"end":{"line":48,"column":null}},"29":{"start":{"line":50,"column":10},"end":{"line":54,"column":null}},"30":{"start":{"line":51,"column":12},"end":{"line":51,"column":null}},"31":{"start":{"line":53,"column":12},"end":{"line":53,"column":null}},"32":{"start":{"line":56,"column":10},"end":{"line":56,"column":null}},"33":{"start":{"line":60,"column":6},"end":{"line":60,"column":null}},"34":{"start":{"line":61,"column":6},"end":{"line":61,"column":null}},"35":{"start":{"line":63,"column":6},"end":{"line":63,"column":null}},"36":{"start":{"line":67,"column":2},"end":{"line":216,"column":null}},"37":{"start":{"line":101,"column":35},"end":{"line":101,"column":null}},"38":{"start":{"line":114,"column":35},"end":{"line":114,"column":null}},"39":{"start":{"line":127,"column":35},"end":{"line":127,"column":null}},"40":{"start":{"line":154,"column":33},"end":{"line":154,"column":null}},"41":{"start":{"line":171,"column":35},"end":{"line":171,"column":null}},"42":{"start":{"line":176,"column":33},"end":{"line":176,"column":null}},"43":{"start":{"line":211,"column":29},"end":{"line":211,"column":null}}},"fnMap":{"0":{"name":"(anonymous_0)","decl":{"start":{"line":10,"column":18},"end":{"line":10,"column":null}},"loc":{"start":{"line":10,"column":18},"end":{"line":224,"column":null}},"line":10},"1":{"name":"(anonymous_1)","decl":{"start":{"line":24,"column":23},"end":{"line":24,"column":30}},"loc":{"start":{"line":24,"column":30},"end":{"line":65,"column":null}},"line":24},"2":{"name":"(anonymous_2)","decl":{"start":{"line":101,"column":28},"end":{"line":101,"column":29}},"loc":{"start":{"line":101,"column":35},"end":{"line":101,"column":null}},"line":101},"3":{"name":"(anonymous_3)","decl":{"start":{"line":114,"column":29},"end":{"line":114,"column":35}},"loc":{"start":{"line":114,"column":35},"end":{"line":114,"column":null}},"line":114},"4":{"name":"(anonymous_4)","decl":{"start":{"line":127,"column":29},"end":{"line":127,"column":35}},"loc":{"start":{"line":127,"column":35},"end":{"line":127,"column":null}},"line":127},"5":{"name":"(anonymous_5)","decl":{"start":{"line":154,"column":26},"end":{"line":154,"column":27}},"loc":{"start":{"line":154,"column":33},"end":{"line":154,"column":null}},"line":154},"6":{"name":"(anonymous_6)","decl":{"start":{"line":171,"column":28},"end":{"line":171,"column":29}},"loc":{"start":{"line":171,"column":35},"end":{"line":171,"column":null}},"line":171},"7":{"name":"(anonymous_7)","decl":{"start":{"line":176,"column":27},"end":{"line":176,"column":33}},"loc":{"start":{"line":176,"column":33},"end":{"line":176,"column":null}},"line":176},"8":{"name":"(anonymous_8)","decl":{"start":{"line":211,"column":23},"end":{"line":211,"column":29}},"loc":{"start":{"line":211,"column":29},"end":{"line":211,"column":null}},"line":211}},"branchMap":{"0":{"loc":{"start":{"line":32,"column":6},"end":{"line":58,"column":null}},"type":"if","locations":[{"start":{"line":32,"column":6},"end":{"line":58,"column":null}},{"start":{"line":43,"column":13},"end":{"line":58,"column":null}}],"line":32},"1":{"loc":{"start":{"line":34,"column":8},"end":{"line":42,"column":null}},"type":"if","locations":[{"start":{"line":34,"column":8},"end":{"line":42,"column":null}},{"start":{"line":40,"column":15},"end":{"line":42,"column":null}}],"line":34},"2":{"loc":{"start":{"line":35,"column":10},"end":{"line":39,"column":null}},"type":"if","locations":[{"start":{"line":35,"column":10},"end":{"line":39,"column":null}},{"start":{"line":37,"column":17},"end":{"line":39,"column":null}}],"line":35},"3":{"loc":{"start":{"line":45,"column":8},"end":{"line":57,"column":null}},"type":"if","locations":[{"start":{"line":45,"column":8},"end":{"line":57,"column":null}},{"start":{"line":55,"column":15},"end":{"line":57,"column":null}}],"line":45},"4":{"loc":{"start":{"line":48,"column":28},"end":{"line":48,"column":null}},"type":"binary-expr","locations":[{"start":{"line":48,"column":28},"end":{"line":48,"column":67}},{"start":{"line":48,"column":67},"end":{"line":48,"column":null}}],"line":48},"5":{"loc":{"start":{"line":50,"column":10},"end":{"line":54,"column":null}},"type":"if","locations":[{"start":{"line":50,"column":10},"end":{"line":54,"column":null}},{"start":{"line":52,"column":17},"end":{"line":54,"column":null}}],"line":50},"6":{"loc":{"start":{"line":78,"column":13},"end":{"line":78,"column":null}},"type":"cond-expr","locations":[{"start":{"line":78,"column":29},"end":{"line":78,"column":46}},{"start":{"line":78,"column":46},"end":{"line":78,"column":null}}],"line":78},"7":{"loc":{"start":{"line":81,"column":13},"end":{"line":81,"column":null}},"type":"cond-expr","locations":[{"start":{"line":81,"column":29},"end":{"line":81,"column":48}},{"start":{"line":81,"column":48},"end":{"line":81,"column":null}}],"line":81},"8":{"loc":{"start":{"line":88,"column":13},"end":{"line":101,"column":null}},"type":"binary-expr","locations":[{"start":{"line":88,"column":13},"end":{"line":88,"column":null}},{"start":{"line":88,"column":13},"end":{"line":101,"column":null}}],"line":88},"9":{"loc":{"start":{"line":106,"column":13},"end":{"line":134,"column":null}},"type":"binary-expr","locations":[{"start":{"line":106,"column":13},"end":{"line":106,"column":null}},{"start":{"line":106,"column":13},"end":{"line":134,"column":null}}],"line":106},"10":{"loc":{"start":{"line":115,"column":106},"end":{"line":117,"column":null}},"type":"cond-expr","locations":[{"start":{"line":116,"column":24},"end":{"line":116,"column":null}},{"start":{"line":117,"column":24},"end":{"line":117,"column":null}}],"line":115},"11":{"loc":{"start":{"line":120,"column":57},"end":{"line":120,"column":null}},"type":"cond-expr","locations":[{"start":{"line":120,"column":82},"end":{"line":120,"column":99}},{"start":{"line":120,"column":99},"end":{"line":120,"column":null}}],"line":120},"12":{"loc":{"start":{"line":121,"column":60},"end":{"line":121,"column":121}},"type":"cond-expr","locations":[{"start":{"line":121,"column":85},"end":{"line":121,"column":102}},{"start":{"line":121,"column":102},"end":{"line":121,"column":121}}],"line":121},"13":{"loc":{"start":{"line":128,"column":106},"end":{"line":130,"column":null}},"type":"cond-expr","locations":[{"start":{"line":129,"column":24},"end":{"line":129,"column":null}},{"start":{"line":130,"column":24},"end":{"line":130,"column":null}}],"line":128},"14":{"loc":{"start":{"line":133,"column":48},"end":{"line":133,"column":null}},"type":"cond-expr","locations":[{"start":{"line":133,"column":73},"end":{"line":133,"column":90}},{"start":{"line":133,"column":90},"end":{"line":133,"column":null}}],"line":133},"15":{"loc":{"start":{"line":134,"column":60},"end":{"line":134,"column":121}},"type":"cond-expr","locations":[{"start":{"line":134,"column":85},"end":{"line":134,"column":102}},{"start":{"line":134,"column":102},"end":{"line":134,"column":121}}],"line":134},"16":{"loc":{"start":{"line":166,"column":24},"end":{"line":166,"column":null}},"type":"cond-expr","locations":[{"start":{"line":166,"column":39},"end":{"line":166,"column":48}},{"start":{"line":166,"column":48},"end":{"line":166,"column":null}}],"line":166},"17":{"loc":{"start":{"line":178,"column":19},"end":{"line":181,"column":null}},"type":"cond-expr","locations":[{"start":{"line":178,"column":19},"end":{"line":181,"column":21}},{"start":{"line":181,"column":20},"end":{"line":181,"column":null}}],"line":178},"18":{"loc":{"start":{"line":187,"column":13},"end":{"line":189,"column":null}},"type":"binary-expr","locations":[{"start":{"line":187,"column":13},"end":{"line":187,"column":null}},{"start":{"line":187,"column":13},"end":{"line":189,"column":null}}],"line":187},"19":{"loc":{"start":{"line":193,"column":13},"end":{"line":195,"column":null}},"type":"binary-expr","locations":[{"start":{"line":193,"column":13},"end":{"line":193,"column":null}},{"start":{"line":193,"column":13},"end":{"line":195,"column":null}}],"line":193},"20":{"loc":{"start":{"line":204,"column":15},"end":{"line":204,"column":null}},"type":"cond-expr","locations":[{"start":{"line":204,"column":25},"end":{"line":204,"column":42}},{"start":{"line":204,"column":42},"end":{"line":204,"column":null}}],"line":204},"21":{"loc":{"start":{"line":204,"column":42},"end":{"line":204,"column":null}},"type":"cond-expr","locations":[{"start":{"line":204,"column":58},"end":{"line":204,"column":75}},{"start":{"line":204,"column":75},"end":{"line":204,"column":null}}],"line":204},"22":{"loc":{"start":{"line":214,"column":15},"end":{"line":216,"column":null}},"type":"cond-expr","locations":[{"start":{"line":215,"column":18},"end":{"line":215,"column":null}},{"start":{"line":216,"column":18},"end":{"line":216,"column":null}}],"line":214}},"s":{"0":1,"1":34,"2":34,"3":34,"4":34,"5":34,"6":34,"7":34,"8":34,"9":34,"10":34,"11":34,"12":34,"13":6,"14":6,"15":6,"16":6,"17":6,"18":6,"19":2,"20":2,"21":2,"22":1,"23":1,"24":0,"25":4,"26":3,"27":2,"28":2,"29":2,"30":1,"31":1,"32":1,"33":1,"34":1,"35":6,"36":34,"37":2,"38":0,"39":0,"40":6,"41":6,"42":0,"43":2},"f":{"0":34,"1":6,"2":2,"3":0,"4":0,"5":6,"6":6,"7":0,"8":2},"b":{"0":[2,4],"1":[2,0],"2":[1,1],"3":[2,1],"4":[2,1],"5":[1,1],"6":[12,22],"7":[12,22],"8":[34,12],"9":[34,12],"10":[12,0],"11":[12,0],"12":[12,0],"13":[0,12],"14":[0,12],"15":[0,12],"16":[0,34],"17":[0,34],"18":[34,2],"19":[34,1],"20":[6,28],"21":[10,18],"22":[12,22]},"meta":{"lastBranch":23,"lastFunction":9,"lastStatement":44,"seen":{"s:10:18:224:Infinity":0,"f:10:18:10:Infinity":0,"s:11:25:11:Infinity":1,"s:12:31:12:Infinity":2,"s:13:41:13:Infinity":3,"s:14:23:14:Infinity":4,"s:15:31:15:Infinity":5,"s:16:25:16:Infinity":6,"s:17:29:17:Infinity":7,"s:18:43:18:Infinity":8,"s:19:39:19:Infinity":9,"s:21:27:21:Infinity":10,"s:22:8:22:Infinity":11,"s:24:23:65:Infinity":12,"f:24:23:24:30":1,"s:25:4:25:Infinity":13,"s:26:4:26:Infinity":14,"s:27:4:27:Infinity":15,"s:28:4:28:Infinity":16,"s:30:4:64:Infinity":17,"b:32:6:58:Infinity:43:13:58:Infinity":0,"s:32:6:58:Infinity":18,"s:33:8:33:Infinity":19,"b:34:8:42:Infinity:40:15:42:Infinity":1,"s:34:8:42:Infinity":20,"b:35:10:39:Infinity:37:17:39:Infinity":2,"s:35:10:39:Infinity":21,"s:36:12:36:Infinity":22,"s:38:12:38:Infinity":23,"s:41:10:41:Infinity":24,"s:44:8:44:Infinity":25,"b:45:8:57:Infinity:55:15:57:Infinity":3,"s:45:8:57:Infinity":26,"s:47:37:47:Infinity":27,"s:48:28:48:Infinity":28,"b:48:28:48:67:48:67:48:Infinity":4,"b:50:10:54:Infinity:52:17:54:Infinity":5,"s:50:10:54:Infinity":29,"s:51:12:51:Infinity":30,"s:53:12:53:Infinity":31,"s:56:10:56:Infinity":32,"s:60:6:60:Infinity":33,"s:61:6:61:Infinity":34,"s:63:6:63:Infinity":35,"s:67:2:216:Infinity":36,"b:78:29:78:46:78:46:78:Infinity":6,"b:81:29:81:48:81:48:81:Infinity":7,"b:88:13:88:Infinity:88:13:101:Infinity":8,"f:101:28:101:29":2,"s:101:35:101:Infinity":37,"b:106:13:106:Infinity:106:13:134:Infinity":9,"f:114:29:114:35":3,"s:114:35:114:Infinity":38,"b:116:24:116:Infinity:117:24:117:Infinity":10,"b:120:82:120:99:120:99:120:Infinity":11,"b:121:85:121:102:121:102:121:121":12,"f:127:29:127:35":4,"s:127:35:127:Infinity":39,"b:129:24:129:Infinity:130:24:130:Infinity":13,"b:133:73:133:90:133:90:133:Infinity":14,"b:134:85:134:102:134:102:134:121":15,"f:154:26:154:27":5,"s:154:33:154:Infinity":40,"b:166:39:166:48:166:48:166:Infinity":16,"f:171:28:171:29":6,"s:171:35:171:Infinity":41,"f:176:27:176:33":7,"s:176:33:176:Infinity":42,"b:178:19:181:21:181:20:181:Infinity":17,"b:187:13:187:Infinity:187:13:189:Infinity":18,"b:193:13:193:Infinity:193:13:195:Infinity":19,"b:204:25:204:42:204:42:204:Infinity":20,"b:204:58:204:75:204:75:204:Infinity":21,"f:211:23:211:29":8,"s:211:29:211:Infinity":43,"b:215:18:215:Infinity:216:18:216:Infinity":22}}}
,"D:\\Github repos\\captus-web\\src\\lib\\utils.js": {"path":"D:\\Github repos\\captus-web\\src\\lib\\utils.js","statementMap":{"0":{"start":{"line":5,"column":2},"end":{"line":5,"column":null}}},"fnMap":{"0":{"name":"cn","decl":{"start":{"line":4,"column":16},"end":{"line":4,"column":18}},"loc":{"start":{"line":4,"column":30},"end":{"line":6,"column":null}},"line":4}},"branchMap":{},"s":{"0":206},"f":{"0":206},"b":{},"meta":{"lastBranch":0,"lastFunction":1,"lastStatement":1,"seen":{"f:4:16:4:18":0,"s:5:2:5:Infinity":0}}}
,"D:\\Github repos\\captus-web\\src\\ui\\Simple.jsx": {"path":"D:\\Github repos\\captus-web\\src\\ui\\Simple.jsx","statementMap":{"0":{"start":{"line":2,"column":2},"end":{"line":2,"column":null}}},"fnMap":{"0":{"name":"Simple","decl":{"start":{"line":1,"column":16},"end":{"line":1,"column":null}},"loc":{"start":{"line":1,"column":16},"end":{"line":3,"column":null}},"line":1}},"branchMap":{},"s":{"0":1},"f":{"0":1},"b":{},"meta":{"lastBranch":0,"lastFunction":1,"lastStatement":1,"seen":{"f:1:16:1:Infinity":0,"s:2:2:2:Infinity":0}}}
,"D:\\Github repos\\captus-web\\src\\ui\\button.jsx": {"path":"D:\\Github repos\\captus-web\\src\\ui\\button.jsx","statementMap":{"0":{"start":{"line":7,"column":6},"end":{"line":36,"column":null}},"1":{"start":{"line":39,"column":15},"end":{"line":56,"column":null}},"2":{"start":{"line":46,"column":15},"end":{"line":46,"column":null}},"3":{"start":{"line":48,"column":2},"end":{"line":53,"column":null}},"4":{"start":{"line":57,"column":0},"end":{"line":57,"column":null}}},"fnMap":{"0":{"name":"(anonymous_0)","decl":{"start":{"line":39,"column":32},"end":{"line":39,"column":33}},"loc":{"start":{"line":45,"column":3},"end":{"line":56,"column":null}},"line":45}},"branchMap":{"0":{"loc":{"start":{"line":43,"column":2},"end":{"line":43,"column":17}},"type":"default-arg","locations":[{"start":{"line":43,"column":12},"end":{"line":43,"column":17}}],"line":43},"1":{"loc":{"start":{"line":46,"column":15},"end":{"line":46,"column":null}},"type":"cond-expr","locations":[{"start":{"line":46,"column":25},"end":{"line":46,"column":32}},{"start":{"line":46,"column":32},"end":{"line":46,"column":null}}],"line":46}},"s":{"0":1,"1":1,"2":34,"3":34,"4":1},"f":{"0":34},"b":{"0":[34],"1":[0,34]},"meta":{"lastBranch":2,"lastFunction":1,"lastStatement":5,"seen":{"s:7:6:36:Infinity":0,"s:39:15:56:Infinity":1,"f:39:32:39:33":0,"b:43:12:43:17":0,"s:46:15:46:Infinity":2,"b:46:25:46:32:46:32:46:Infinity":1,"s:48:2:53:Infinity":3,"s:57:0:57:Infinity":4}}}
,"D:\\Github repos\\captus-web\\src\\ui\\input.jsx": {"path":"D:\\Github repos\\captus-web\\src\\ui\\input.jsx","statementMap":{"0":{"start":{"line":6,"column":2},"end":{"line":16,"column":null}}},"fnMap":{"0":{"name":"Input","decl":{"start":{"line":5,"column":9},"end":{"line":5,"column":15}},"loc":{"start":{"line":5,"column":44},"end":{"line":19,"column":null}},"line":5}},"branchMap":{},"s":{"0":80},"f":{"0":80},"b":{},"meta":{"lastBranch":0,"lastFunction":1,"lastStatement":1,"seen":{"f:5:9:5:15":0,"s:6:2:16:Infinity":0}}}
,"D:\\Github repos\\captus-web\\src\\ui\\label.jsx": {"path":"D:\\Github repos\\captus-web\\src\\ui\\label.jsx","statementMap":{"0":{"start":{"line":1,"column":0},"end":{"line":1,"column":null}},"1":{"start":{"line":12,"column":2},"end":{"line":19,"column":null}}},"fnMap":{"0":{"name":"Label","decl":{"start":{"line":8,"column":9},"end":{"line":8,"column":15}},"loc":{"start":{"line":11,"column":1},"end":{"line":22,"column":null}},"line":11}},"branchMap":{},"s":{"0":1,"1":92},"f":{"0":92},"b":{},"meta":{"lastBranch":0,"lastFunction":1,"lastStatement":2,"seen":{"s:1:0:1:Infinity":0,"f:8:9:8:15":0,"s:12:2:19:Infinity":1}}}
}
